nohup: ignoring input
[INFO] Изменение обнаружено: CREATE config.ini
[main 15b1296] Auto update on file change: config.ini
 3 files changed, 15 insertions(+)
 create mode 100644 auto_push.log
 create mode 100755 auto_push.sh
 create mode 100644 config.ini
To github.com:EstelioAmmen/steam-backend.git
   b874121..15b1296  main -> main
[INFO] Изменение обнаружено: CREATE config_example.ini
[main 67f055e] Auto update on file change: config_example.ini
 3 files changed, 9 insertions(+)
 create mode 100644 .gitignore
 create mode 100644 config_example.ini
To github.com:EstelioAmmen/steam-backend.git
   15b1296..67f055e  main -> main
[INFO] Изменение обнаружено: MODIFY config.ini
[main d16a98c] Auto update on file change: config.ini
 2 files changed, 16 insertions(+)
To github.com:EstelioAmmen/steam-backend.git
   67f055e..d16a98c  main -> main
[INFO] Изменение обнаружено: MODIFY config.ini
[main e9722fd] Auto update on file change: config.ini
 1 file changed, 5 insertions(+)
To github.com:EstelioAmmen/steam-backend.git
   d16a98c..e9722fd  main -> main
[INFO] Изменение обнаружено: MODIFY item_steam_apis.py
