2025-04-15 02:22:48,944 - INFO - 🚀 Запуск обновления таблицы curse
2025-04-15 02:22:48,984 - INFO - ✅ Таблица curse создана и очищена
2025-04-15 02:22:49,689 - ERROR - ❌ Ошибка при обработке USD: syntax error at or near "REPLACE"
LINE 1: REPLACE INTO curse (valute, curse, time) VALUES ('USD', 82.3...
        ^

2025-04-15 02:22:49,983 - ERROR - ❌ Ошибка при обработке EUR: syntax error at or near "REPLACE"
LINE 1: REPLACE INTO curse (valute, curse, time) VALUES ('EUR', 93.0...
        ^

2025-04-15 02:22:50,422 - ERROR - ❌ Ошибка при обработке CNY: syntax error at or near "REPLACE"
LINE 1: REPLACE INTO curse (valute, curse, time) VALUES ('CNY', 11.4...
        ^

2025-04-15 02:22:50,818 - ERROR - ❌ Ошибка при обработке TRY: could not convert string to float: '2.195.97'
2025-04-15 02:22:51,266 - ERROR - ❌ Ошибка при обработке KZT: syntax error at or near "REPLACE"
LINE 1: REPLACE INTO curse (valute, curse, time) VALUES ('KZT', 0.15...
        ^

2025-04-15 02:22:51,267 - INFO - ✅ Данные записаны в базу
2025-04-15 02:27:57,215 - INFO - 🚀 Запуск обновления таблицы curse
2025-04-15 02:27:57,276 - INFO - ✅ Таблица curse создана и очищена
2025-04-15 02:27:57,620 - CRITICAL - 🔥 Критическая ошибка: could not convert string to float: '4746,27.'
2025-04-15 02:34:21,392 - INFO - 🚀 Запуск обновления таблицы curse
2025-04-15 02:34:21,460 - INFO - ✅ Таблица curse создана и очищена
2025-04-15 02:34:21,865 - CRITICAL - 🔥 Критическая ошибка: Не удалось преобразовать цену: 4746,27 руб. → 4746,27
2025-04-15 02:53:03,177 - INFO - 🚀 Запуск обновления таблицы curse
2025-04-15 02:53:03,233 - INFO - ✅ Таблица curse создана и очищена
2025-04-15 02:53:03,593 - CRITICAL - 🔥 Критическая ошибка: Не удалось преобразовать цену: 4746,27 руб. → 4746,27
2025-04-15 02:56:50,850 - INFO - 🚀 Запуск обновления таблицы curse
2025-04-15 02:56:50,905 - INFO - ✅ Таблица curse создана и очищена
2025-04-15 02:56:51,352 - CRITICAL - 🔥 Критическая ошибка: Не удалось преобразовать цену: 4746,27 руб. → 4746,27
2025-04-15 02:57:55,803 - INFO - 🚀 Запуск обновления таблицы curse
2025-04-15 02:57:55,853 - INFO - ✅ Таблица curse создана и очищена
2025-04-15 02:57:56,530 - INFO - 💾 Сохранено: USD = 82.315 RUB
2025-04-15 02:57:56,859 - INFO - 💾 Сохранено: EUR = 93.046 RUB
2025-04-15 02:57:57,214 - INFO - 💾 Сохранено: CNY = 11.409 RUB
2025-04-15 02:57:57,596 - ERROR - ❌ Ошибка при обработке TRY: Не удалось преобразовать цену: 2.195,97 TL → 2.195.97
2025-04-15 02:57:57,926 - INFO - 💾 Сохранено: KZT = 0.159 RUB
2025-04-15 02:57:57,928 - INFO - ✅ Данные записаны в базу
2025-04-15 02:58:53,097 - INFO - 🚀 Запуск обновления таблицы curse
2025-04-15 02:58:53,133 - INFO - ✅ Таблица curse создана и очищена
2025-04-15 02:58:53,802 - INFO - 💾 Сохранено: USD = 82.315 RUB
2025-04-15 02:58:54,064 - INFO - 💾 Сохранено: EUR = 93.046 RUB
2025-04-15 02:58:54,351 - INFO - 💾 Сохранено: CNY = 11.409 RUB
2025-04-15 02:58:54,682 - INFO - 💾 Сохранено: TRY = 2.161 RUB
2025-04-15 02:58:55,038 - INFO - 💾 Сохранено: KZT = 0.159 RUB
2025-04-15 02:58:55,040 - INFO - ✅ Данные записаны в базу
2025-04-21 05:43:48,650 - INFO - 🚀 Запуск обновления таблицы curse
2025-04-21 05:43:48,708 - INFO - ✅ Таблица curse создана и очищена
2025-04-21 05:43:49,289 - INFO - 💾 Сохранено: USD = 82.178 RUB
2025-04-21 05:43:49,562 - INFO - 💾 Сохранено: EUR = 93.456 RUB
2025-04-21 05:43:49,810 - INFO - 💾 Сохранено: CNY = 11.394 RUB
2025-04-21 05:43:50,062 - INFO - 💾 Сохранено: TRY = 2.151 RUB
2025-04-21 05:43:50,316 - INFO - 💾 Сохранено: KZT = 0.157 RUB
2025-04-21 05:43:50,317 - INFO - ✅ Данные записаны в базу
