2025-04-15 00:45:39,084 - INFO - Начало обновления steamapis_items
2025-04-15 00:45:57,118 - INFO - CSGO: загружено 24270 предметов
2025-04-15 00:46:28,046 - INFO - DOTA2: загружено 44131 предметов
2025-04-15 00:46:32,125 - INFO - RUST: загружено 4561 предметов
2025-04-15 00:48:10,230 - INFO - TF2: загружено 148259 предметов
2025-04-15 00:48:10,284 - CRITICAL - Глобальная ошибка обновления: relation "steamapis_items" does not exist

2025-04-15 00:52:13,631 - INFO - Начало обновления steamapis_items
2025-04-15 00:52:29,272 - INFO - CSGO: загружено 24270 предметов
2025-04-15 00:52:58,201 - INFO - DOTA2: загружено 44131 предметов
2025-04-15 00:53:02,011 - INFO - RUST: загружено 4561 предметов
2025-04-15 00:54:39,626 - INFO - TF2: загружено 148259 предметов
2025-04-15 00:54:39,642 - INFO - Переименована временная steamapis_items_tmp → steamapis_items
2025-04-15 00:54:39,643 - INFO - Обновление завершено. Всего загружено: 221221 предметов.
2025-04-15 01:33:18,474 - INFO - Начало обновления steamapis_items
2025-04-15 01:33:33,894 - INFO - CSGO: загружено 24270 предметов
2025-04-15 01:34:02,020 - INFO - DOTA2: загружено 44131 предметов
2025-04-15 01:34:06,176 - INFO - RUST: загружено 4561 предметов
2025-04-15 01:35:48,640 - INFO - TF2: загружено 148259 предметов
2025-04-15 01:35:48,652 - INFO - Переименована временная steamapis_items_tmp → steamapis_items
2025-04-15 01:35:48,653 - INFO - Обновление завершено. Всего загружено: 221221 предметов.
2025-04-15 01:46:38,801 - INFO - 🚀 Начало обновления steamapis_items
2025-04-15 01:46:38,843 - INFO - 📦 Подключено к базе: steaminventory_db
2025-04-15 01:46:38,845 - INFO - 🧱 Создание временной таблицы steamapis_items_tmp...
2025-04-15 01:46:38,861 - INFO - ✅ Временная таблица steamapis_items_tmp создана.
2025-04-15 01:46:55,699 - INFO - CSGO: загружено 24270 предметов
2025-04-15 01:47:24,669 - INFO - DOTA2: загружено 44131 предметов
2025-04-15 01:47:28,449 - INFO - RUST: загружено 4561 предметов
2025-04-15 01:49:12,899 - INFO - TF2: загружено 148271 предметов
2025-04-15 01:49:12,911 - INFO - ✅ Переименована steamapis_items_tmp → steamapis_items
2025-04-15 01:49:12,913 - INFO - 🧾 Коммит выполнен. Данные зафиксированы.
2025-04-15 01:49:12,913 - INFO - 🎉 Обновление завершено. Всего загружено: 221233 предметов.
